#
# An unexpected error has been detected by Java Runtime Environment:
#
#  EXCEPTION_ACCESS_VIOLATION (0xc0000005) at pc=0x6da669a2, pid=10000, tid=9952
#
# Java VM: Java HotSpot(TM) Client VM (11.3-b02 mixed mode windows-x86)
# Problematic frame:
# V  [jvm.dll+0x1b69a2]
#
# If you would like to submit a bug report, please visit:
#   http://java.sun.com/webapps/bugreport/crash.jsp
#

---------------  T H R E A D  ---------------

Current thread (0x01ac1800):  JavaThread "JDWP Transport Listener: dt_socket" daemon [_thread_in_vm, id=9952, stack(0x0bec0000,0x0bf10000)]

siginfo: ExceptionCode=0xc0000005, reading address 0x0000000c

Registers:
EAX=0x00000000, EBX=0x0000000c, ECX=0x0000000c, EDX=0x00000000
ESP=0x0bf0fa20, EBP=0x6d44e93c, ESI=0x0000000c, EDI=0x00000017
EIP=0x6da669a2, EFLAGS=0x00010206

Top of Stack: (sp=0x0bf0fa20)
0x0bf0fa20:   01abd660 00000017 6da669e3 0000000c
0x0bf0fa30:   00000017 6d44e0fc 01abd660 6d44e93c
0x0bf0fa40:   6d44e114 6d97b87d 0000000c 00000017
0x0bf0fa50:   6d98bc6f 03c20a90 6d44e0fc 01ac1914
0x0bf0fa60:   6d44e93c 6d44e114 01ac1800 00000000
0x0bf0fa70:   6d449b79 01ac1914 0bf0fabc 01aae6c8
0x0bf0fa80:   01aae6d0 01aaeabc 6d4362bd 01ac1800
0x0bf0fa90:   01ad4820 00000000 0bf0fabc 0bf0fc58 

Instructions: (pc=0x6da669a2)
0x6da66992:   7c 24 0c 33 c0 33 d2 85 ff 7e 2d 56 8b 74 24 0c
0x6da669a2:   66 8b 0c 56 66 83 f9 01 72 09 66 83 f9 7f 77 03 


Stack: [0x0bec0000,0x0bf10000],  sp=0x0bf0fa20,  free space=318k
Native frames: (J=compiled Java code, j=interpreted, Vv=VM code, C=native code)
V  [jvm.dll+0x1b69a2]


---------------  P R O C E S S  ---------------

Java Threads: ( => current thread )
  0x01ad5c00 JavaThread "Low Memory Detector" daemon [_thread_blocked, id=4792, stack(0x0c080000,0x0c0d0000)]
  0x01acf800 JavaThread "CompilerThread0" daemon [_thread_blocked, id=9976, stack(0x0c030000,0x0c080000)]
  0x01ac4800 JavaThread "JDWP Command Reader" daemon [_thread_in_native, id=9616, stack(0x0bf80000,0x0bfd0000)]
  0x01ac4000 JavaThread "JDWP Event Helper Thread" daemon [_thread_blocked, id=9956, stack(0x0bf30000,0x0bf80000)]
=>0x01ac1800 JavaThread "JDWP Transport Listener: dt_socket" daemon [_thread_in_vm, id=9952, stack(0x0bec0000,0x0bf10000)]
  0x01ab5c00 JavaThread "Attach Listener" daemon [_thread_blocked, id=9940, stack(0x0bca0000,0x0bcf0000)]
  0x01a86c00 JavaThread "Signal Dispatcher" daemon [_thread_blocked, id=9936, stack(0x0bc50000,0x0bca0000)]
  0x01a74c00 JavaThread "Finalizer" daemon [_thread_blocked, id=8212, stack(0x0bc00000,0x0bc50000)]
  0x01a70000 JavaThread "Reference Handler" daemon [_thread_blocked, id=8200, stack(0x0bbb0000,0x0bc00000)]
  0x003eb400 JavaThread "main" [_thread_blocked, id=8576, stack(0x01240000,0x01290000)]

Other Threads:
  0x01a6cc00 VMThread [stack: 0x0bb60000,0x0bbb0000] [id=6456]
  0x0c250400 WatcherThread [stack: 0x0c0d0000,0x0c120000] [id=9824]

VM state:not at safepoint (normal execution)

VM Mutex/Monitor currently owned by a thread: None

Heap
 def new generation   total 960K, used 775K [0x03b60000, 0x03c60000, 0x04040000)
  eden space 896K,  86% used [0x03b60000, 0x03c21c30, 0x03c40000)
  from space 64K,   0% used [0x03c40000, 0x03c40000, 0x03c50000)
  to   space 64K,   0% used [0x03c50000, 0x03c50000, 0x03c60000)
 tenured generation   total 4096K, used 0K [0x04040000, 0x04440000, 0x07b60000)
   the space 4096K,   0% used [0x04040000, 0x04040000, 0x04040200, 0x04440000)
 compacting perm gen  total 12288K, used 2849K [0x07b60000, 0x08760000, 0x0bb60000)
   the space 12288K,  23% used [0x07b60000, 0x07e28678, 0x07e28800, 0x08760000)
No shared spaces configured.

Dynamic libraries:
0x00400000 - 0x00424000 	C:\Users\Dell\AppData\Local\Genuitec\Pulse Explorer\configuration\org.eclipse.osgi\bundles\80\data\1166842763\binary\com.sun.java.jdk.win32.x86_1.6.0.013\bin\javaw.exe
0x77260000 - 0x7739c000 	C:\Windows\SYSTEM32\ntdll.dll
0x75a30000 - 0x75b04000 	C:\Windows\system32\kernel32.dll
0x75470000 - 0x754ba000 	C:\Windows\system32\KERNELBASE.dll
0x771c0000 - 0x77260000 	C:\Windows\system32\ADVAPI32.dll
0x75770000 - 0x7581c000 	C:\Windows\system32\msvcrt.dll
0x773a0000 - 0x773b9000 	C:\Windows\SYSTEM32\sechost.dll
0x76f20000 - 0x76fc1000 	C:\Windows\system32\RPCRT4.dll
0x76ab0000 - 0x76b79000 	C:\Windows\system32\USER32.dll
0x76980000 - 0x769ce000 	C:\Windows\system32\GDI32.dll
0x76d70000 - 0x76d7a000 	C:\Windows\system32\LPK.dll
0x773f0000 - 0x7748d000 	C:\Windows\system32\USP10.dll
0x76960000 - 0x7697f000 	C:\Windows\system32\IMM32.DLL
0x76fd0000 - 0x7709c000 	C:\Windows\system32\MSCTF.dll
0x7c340000 - 0x7c396000 	C:\Users\Dell\AppData\Local\Genuitec\Pulse Explorer\configuration\org.eclipse.osgi\bundles\80\data\1166842763\binary\com.sun.java.jdk.win32.x86_1.6.0.013\jre\bin\msvcr71.dll
0x6d8b0000 - 0x6db06000 	C:\Users\Dell\AppData\Local\Genuitec\Pulse Explorer\configuration\org.eclipse.osgi\bundles\80\data\1166842763\binary\com.sun.java.jdk.win32.x86_1.6.0.013\jre\bin\client\jvm.dll
0x72d10000 - 0x72d42000 	C:\Windows\system32\WINMM.dll
0x752f0000 - 0x7533b000 	C:\Windows\system32\apphelp.dll
0x6d340000 - 0x6d348000 	C:\Users\Dell\AppData\Local\Genuitec\Pulse Explorer\configuration\org.eclipse.osgi\bundles\80\data\1166842763\binary\com.sun.java.jdk.win32.x86_1.6.0.013\jre\bin\hpi.dll
0x773d0000 - 0x773d5000 	C:\Windows\system32\PSAPI.DLL
0x6d430000 - 0x6d459000 	C:\Users\Dell\AppData\Local\Genuitec\Pulse Explorer\configuration\org.eclipse.osgi\bundles\80\data\1166842763\binary\com.sun.java.jdk.win32.x86_1.6.0.013\jre\bin\jdwp.dll
0x6d750000 - 0x6d756000 	C:\Users\Dell\AppData\Local\Genuitec\Pulse Explorer\configuration\org.eclipse.osgi\bundles\80\data\1166842763\binary\com.sun.java.jdk.win32.x86_1.6.0.013\jre\bin\npt.dll
0x6d860000 - 0x6d86c000 	C:\Users\Dell\AppData\Local\Genuitec\Pulse Explorer\configuration\org.eclipse.osgi\bundles\80\data\1166842763\binary\com.sun.java.jdk.win32.x86_1.6.0.013\jre\bin\verify.dll
0x6d3e0000 - 0x6d3ff000 	C:\Users\Dell\AppData\Local\Genuitec\Pulse Explorer\configuration\org.eclipse.osgi\bundles\80\data\1166842763\binary\com.sun.java.jdk.win32.x86_1.6.0.013\jre\bin\java.dll
0x6d8a0000 - 0x6d8af000 	C:\Users\Dell\AppData\Local\Genuitec\Pulse Explorer\configuration\org.eclipse.osgi\bundles\80\data\1166842763\binary\com.sun.java.jdk.win32.x86_1.6.0.013\jre\bin\zip.dll
0x6d2b0000 - 0x6d2b7000 	C:\Users\Dell\AppData\Local\Genuitec\Pulse Explorer\configuration\org.eclipse.osgi\bundles\80\data\1166842763\binary\com.sun.java.jdk.win32.x86_1.6.0.013\jre\bin\dt_socket.dll
0x75b10000 - 0x75b45000 	C:\Windows\system32\WS2_32.dll
0x773e0000 - 0x773e6000 	C:\Windows\system32\NSI.dll
0x73da0000 - 0x73db0000 	C:\Windows\system32\NLAapi.dll
0x74e30000 - 0x74e6c000 	C:\Windows\System32\mswsock.dll
0x74cf0000 - 0x74d34000 	C:\Windows\system32\DNSAPI.dll
0x737c0000 - 0x737c8000 	C:\Windows\System32\winrnr.dll
0x737b0000 - 0x737c0000 	C:\Windows\system32\napinsp.dll
0x73790000 - 0x737a2000 	C:\Windows\system32\pnrpnsp.dll
0x73760000 - 0x73781000 	C:\Program Files\Bonjour\mdnsNSP.dll
0x73a60000 - 0x73a7c000 	C:\Windows\system32\Iphlpapi.DLL
0x73a40000 - 0x73a47000 	C:\Windows\system32\WINNSI.DLL
0x73980000 - 0x739b8000 	C:\Windows\System32\fwpuclnt.dll
0x736c0000 - 0x736c6000 	C:\Windows\system32\rasadhlp.dll
0x74970000 - 0x74975000 	C:\Windows\System32\wshtcpip.dll
0x74e70000 - 0x74e86000 	C:\Windows\system32\CRYPTSP.dll
0x74c10000 - 0x74c4b000 	C:\Windows\system32\rsaenh.dll
0x74a50000 - 0x74a67000 	C:\Windows\system32\USERENV.dll
0x753f0000 - 0x753fb000 	C:\Windows\system32\profapi.dll
0x75340000 - 0x7534c000 	C:\Windows\system32\CRYPTBASE.dll
0x6d6c0000 - 0x6d6d3000 	C:\Users\Dell\AppData\Local\Genuitec\Pulse Explorer\configuration\org.eclipse.osgi\bundles\80\data\1166842763\binary\com.sun.java.jdk.win32.x86_1.6.0.013\jre\bin\net.dll
0x74e20000 - 0x74e26000 	C:\Windows\System32\wship6.dll

VM Arguments:
jvm_args: -agentlib:jdwp=transport=dt_socket,suspend=y,address=localhost:52791 -Dfile.encoding=UTF-8 -Xbootclasspath/a:C:\Users\Dell\AppData\Local\Genuitec\Common\plugins\com.genuitec.eclipse.j2eedt.core_8.6.1.me201010211225\data\libraryset\EE_5\javaee.jar;C:\Users\Dell\AppData\Local\Genuitec\Common\plugins\com.genuitec.eclipse.j2eedt.core_8.6.1.me201010211225\data\libraryset\EE_5\jsf-impl.jar;C:\Users\Dell\AppData\Local\Genuitec\Common\plugins\com.genuitec.eclipse.j2eedt.core_8.6.1.me201010211225\data\libraryset\EE_5\jsf-api.jar;C:\Users\Dell\AppData\Local\Genuitec\Common\plugins\com.genuitec.eclipse.j2eedt.core_8.6.1.me201010211225\data\libraryset\EE_5\jstl-1.2.jar 
java_command: ClientExample
Launcher Type: SUN_STANDARD

Environment Variables:
CLASSPATH=.;JAVA_HOME200340804b;JAVA_HOME1839866600b\tools.ja
PATH=C:\Users\Dell\AppData\Local\Genuitec\Pulse Explorer\configuration\org.eclipse.osgi\bundles\80\data\1166842763\binary\com.sun.java.jdk.win32.x86_1.6.0.013\jre\bin;C:/Users/Dell/AppData/Local/Genuitec/Pulse Explorer/configuration/org.eclipse.osgi/bundles/80/data/1166842763/binary/com.sun.java.jdk.win32.x86_1.6.0.013/jre/bin/client;C:/Users/Dell/AppData/Local/Genuitec/Pulse Explorer/configuration/org.eclipse.osgi/bundles/80/data/1166842763/binary/com.sun.java.jdk.win32.x86_1.6.0.013/jre/bin;E:\oracle\product\10.2.0\client_1\bin;C:\Program Files\NVIDIA Corporation\PhysX\Common;JAVA_HOME\bin;JAVA_HOME\jre\bin;C:\Program Files\Microsoft SQL Server\80\Tools\Binn\;C:\Program Files\Microsoft SQL Server\90\DTS\Binn\;C:\Program Files\Microsoft SQL Server\90\Tools\binn\;C:\Program Files\Microsoft SQL Server\90\Tools\Binn\VSShell\Common7\IDE\;C:\Program Files\Microsoft Visual Studio 8\Common7\IDE\PrivateAssemblies\;C:\Program Files\Microsoft SQL Server\100\Tools\Binn\;C:\Program Files\Microsoft SQL Server\100\DTS\Binn\;C:\Program Files\Microsoft SQL Server\100\Tools\Binn\VSShell\Common7\IDE\;C:\Program Files\Microsoft Visual Studio 9.0\Common7\IDE\PrivateAssemblies\
USERNAME=Dell
OS=Windows_NT
PROCESSOR_IDENTIFIER=x86 Family 6 Model 23 Stepping 10, GenuineIntel



---------------  S Y S T E M  ---------------

OS: Windows NT 6.1 Build 7600 

CPU:total 2 (2 cores per cpu, 1 threads per core) family 6 model 7 stepping 10, cmov, cx8, fxsr, mmx, sse, sse2, sse3, ssse3

Memory: 4k page, physical 2095928k(166948k free), swap 4191856k(374392k free)

vm_info: Java HotSpot(TM) Client VM (11.3-b02) for windows-x86 JRE (1.6.0_13-b03), built on Mar  9 2009 01:15:24 by "java_re" with MS VC++ 7.1

time: Thu Oct 25 15:59:08 2012
elapsed time: 56 seconds

